生成启动时间为 2021/2/20 21:35:49。
     1>项目“D:\C++源\学习笔记\02\02\02.vcxproj”在节点 2 上(build 个目标)。
     1>InitializeBuildStatus:
         正在创建“Debug\02.unsuccessfulbuild”，因为已指定“AlwaysCreate”。
       ClCompile:
         D:\C++\VC\bin\CL.exe /c /ZI /nologo /W3 /WX- /Od /Oy- /D WIN32 /D _DEBUG /D _CONSOLE /D _UNICODE /D UNICODE /Gm /EHsc /RTC1 /MDd /GS /fp:precise /Zc:wchar_t /Zc:forScope /Fo"Debug\\" /Fd"Debug\vc100.pdb" /Gd /TP /analyze- /errorReport:prompt 780.cpp
         780.cpp
     1>d:\c++源\学习笔记\02\02\780.cpp(19): warning C4305: “初始化”: 从“double”到“float”截断
     1>d:\c++源\学习笔记\02\02\780.cpp(21): warning C4244: “=”: 从“float”转换到“int”，可能丢失数据
     1>d:\c++源\学习笔记\02\02\780.cpp(22): warning C4244: “=”: 从“int”转换到“float”，可能丢失数据
       ManifestResourceCompile:
         所有输出均为最新。
       Link:
         D:\C++\VC\bin\link.exe /ERRORREPORT:PROMPT /OUT:"D:\C++源\学习笔记\02\Debug\02.exe" /INCREMENTAL /NOLOGO kernel32.lib user32.lib gdi32.lib winspool.lib comdlg32.lib advapi32.lib shell32.lib ole32.lib oleaut32.lib uuid.lib odbc32.lib odbccp32.lib /MANIFEST /ManifestFile:"Debug\02.exe.intermediate.manifest" /MANIFESTUAC:"level='asInvoker' uiAccess='false'" /DEBUG /PDB:"D:\C++源\学习笔记\02\Debug\02.pdb" /SUBSYSTEM:CONSOLE /TLBID:1 /DYNAMICBASE /NXCOMPAT /IMPLIB:"D:\C++源\学习笔记\02\Debug\02.lib" /MACHINE:X86 Debug\02.exe.embed.manifest.res
         Debug\780.obj
       Manifest:
         C:\Program Files (x86)\Microsoft SDKs\Windows\v7.0A\bin\mt.exe /nologo /verbose /out:"Debug\02.exe.embed.manifest" /manifest Debug\02.exe.intermediate.manifest
         所有输出均为最新。
       LinkEmbedManifest:
         所有输出均为最新。
         02.vcxproj -> D:\C++源\学习笔记\02\Debug\02.exe
       FinalizeBuildStatus:
         正在删除文件“Debug\02.unsuccessfulbuild”。
         正在对“Debug\02.lastbuildstate”执行 Touch 任务。
     1>已完成生成项目“D:\C++源\学习笔记\02\02\02.vcxproj”(build 个目标)的操作。

生成成功。

已用时间 00:00:00.47
