生成启动时间为 2021/2/20 21:10:29。
     1>项目“D:\C++源\学习笔记\03\03\03.vcxproj”在节点 2 上(build 个目标)。
     1>InitializeBuildStatus:
         正在对“Debug\03.unsuccessfulbuild”执行 Touch 任务。
       ClCompile:
         D:\C++\VC\bin\CL.exe /c /ZI /nologo /W3 /WX- /Od /Oy- /D WIN32 /D _DEBUG /D _CONSOLE /D _UNICODE /D UNICODE /Gm /EHsc /RTC1 /MDd /GS /fp:precise /Zc:wchar_t /Zc:forScope /Fo"Debug\\" /Fd"Debug\vc100.pdb" /Gd /TP /analyze- /errorReport:prompt 03.cpp
         03.cpp
       ManifestResourceCompile:
         所有输出均为最新。
       Link:
         D:\C++\VC\bin\link.exe /ERRORREPORT:PROMPT /OUT:"D:\C++源\学习笔记\03\Debug\03.exe" /INCREMENTAL /NOLOGO kernel32.lib user32.lib gdi32.lib winspool.lib comdlg32.lib advapi32.lib shell32.lib ole32.lib oleaut32.lib uuid.lib odbc32.lib odbccp32.lib /MANIFEST /ManifestFile:"Debug\03.exe.intermediate.manifest" /MANIFESTUAC:"level='asInvoker' uiAccess='false'" /DEBUG /PDB:"D:\C++源\学习笔记\03\Debug\03.pdb" /SUBSYSTEM:CONSOLE /TLBID:1 /DYNAMICBASE /NXCOMPAT /IMPLIB:"D:\C++源\学习笔记\03\Debug\03.lib" /MACHINE:X86 Debug\03.exe.embed.manifest.res
         Debug\03.obj
       Manifest:
         C:\Program Files (x86)\Microsoft SDKs\Windows\v7.0A\bin\mt.exe /nologo /verbose /out:"Debug\03.exe.embed.manifest" /manifest Debug\03.exe.intermediate.manifest
         所有输出均为最新。
       LinkEmbedManifest:
         所有输出均为最新。
         03.vcxproj -> D:\C++源\学习笔记\03\Debug\03.exe
       FinalizeBuildStatus:
         正在删除文件“Debug\03.unsuccessfulbuild”。
         正在对“Debug\03.lastbuildstate”执行 Touch 任务。
     1>已完成生成项目“D:\C++源\学习笔记\03\03\03.vcxproj”(build 个目标)的操作。

生成成功。

已用时间 00:00:00.33
