生成启动时间为 2021/2/28 18:42:36。
     1>项目“D:\C++源\学习笔记\06\06\06.vcxproj”在节点 2 上(build 个目标)。
     1>InitializeBuildStatus:
         正在创建“Debug\06.unsuccessfulbuild”，因为已指定“AlwaysCreate”。
       ClCompile:
         D:\C++\VC\bin\CL.exe /c /ZI /nologo /W3 /WX- /Od /Oy- /D WIN32 /D _DEBUG /D _CONSOLE /D _UNICODE /D UNICODE /Gm /EHsc /RTC1 /MDd /GS /fp:precise /Zc:wchar_t /Zc:forScope /Fo"Debug\\" /Fd"Debug\vc100.pdb" /Gd /TP /analyze- /errorReport:prompt 06.cpp
         06.cpp
     1>d:\c++源\学习笔记\06\06\06.cpp(5): warning C4305: “初始化”: 从“double”到“float”截断
     1>d:\c++源\学习笔记\06\06\06.cpp(7): warning C4244: “=”: 从“float”转换到“int”，可能丢失数据
     1>d:\c++源\学习笔记\06\06\06.cpp(8): warning C4244: “=”: 从“int”转换到“float”，可能丢失数据
       ManifestResourceCompile:
         所有输出均为最新。
       Link:
         D:\C++\VC\bin\link.exe /ERRORREPORT:PROMPT /OUT:"D:\C++源\学习笔记\06\Debug\06.exe" /INCREMENTAL /NOLOGO kernel32.lib user32.lib gdi32.lib winspool.lib comdlg32.lib advapi32.lib shell32.lib ole32.lib oleaut32.lib uuid.lib odbc32.lib odbccp32.lib /MANIFEST /ManifestFile:"Debug\06.exe.intermediate.manifest" /MANIFESTUAC:"level='asInvoker' uiAccess='false'" /DEBUG /PDB:"D:\C++源\学习笔记\06\Debug\06.pdb" /SUBSYSTEM:CONSOLE /TLBID:1 /DYNAMICBASE /NXCOMPAT /IMPLIB:"D:\C++源\学习笔记\06\Debug\06.lib" /MACHINE:X86 Debug\06.exe.embed.manifest.res
         Debug\06.obj
       Manifest:
         C:\Program Files (x86)\Microsoft SDKs\Windows\v7.0A\bin\mt.exe /nologo /verbose /out:"Debug\06.exe.embed.manifest" /manifest Debug\06.exe.intermediate.manifest
         所有输出均为最新。
       LinkEmbedManifest:
         所有输出均为最新。
         06.vcxproj -> D:\C++源\学习笔记\06\Debug\06.exe
       FinalizeBuildStatus:
         正在删除文件“Debug\06.unsuccessfulbuild”。
         正在对“Debug\06.lastbuildstate”执行 Touch 任务。
     1>已完成生成项目“D:\C++源\学习笔记\06\06\06.vcxproj”(build 个目标)的操作。

生成成功。

已用时间 00:00:00.34
