生成启动时间为 2021/3/2 22:58:11。
     1>项目“D:\C++源\学习笔记\10\10\10.vcxproj”在节点 2 上(build 个目标)。
     1>InitializeBuildStatus:
         正在创建“Debug\10.unsuccessfulbuild”，因为已指定“AlwaysCreate”。
       ClCompile:
         D:\C++\VC\bin\CL.exe /c /ZI /nologo /W3 /WX- /Od /Oy- /D WIN32 /D _DEBUG /D _CONSOLE /D _UNICODE /D UNICODE /Gm /EHsc /RTC1 /MDd /GS /fp:precise /Zc:wchar_t /Zc:forScope /Fo"Debug\\" /Fd"Debug\vc100.pdb" /Gd /TP /analyze- /errorReport:prompt 10.cpp
         10.cpp
     1>d:\c++源\学习笔记\10\10\10.cpp(5): warning C4996: 'scanf': This function or variable may be unsafe. Consider using scanf_s instead. To disable deprecation, use _CRT_SECURE_NO_WARNINGS. See online help for details.
                 d:\c++\vc\include\stdio.h(304) : 参见“scanf”的声明
       ManifestResourceCompile:
         所有输出均为最新。
       Link:
         D:\C++\VC\bin\link.exe /ERRORREPORT:PROMPT /OUT:"D:\C++源\学习笔记\10\Debug\10.exe" /INCREMENTAL /NOLOGO kernel32.lib user32.lib gdi32.lib winspool.lib comdlg32.lib advapi32.lib shell32.lib ole32.lib oleaut32.lib uuid.lib odbc32.lib odbccp32.lib /MANIFEST /ManifestFile:"Debug\10.exe.intermediate.manifest" /MANIFESTUAC:"level='asInvoker' uiAccess='false'" /DEBUG /PDB:"D:\C++源\学习笔记\10\Debug\10.pdb" /SUBSYSTEM:CONSOLE /TLBID:1 /DYNAMICBASE /NXCOMPAT /IMPLIB:"D:\C++源\学习笔记\10\Debug\10.lib" /MACHINE:X86 Debug\10.exe.embed.manifest.res
         Debug\10.obj
       Manifest:
         C:\Program Files (x86)\Microsoft SDKs\Windows\v7.0A\bin\mt.exe /nologo /verbose /out:"Debug\10.exe.embed.manifest" /manifest Debug\10.exe.intermediate.manifest
         所有输出均为最新。
       LinkEmbedManifest:
         所有输出均为最新。
         10.vcxproj -> D:\C++源\学习笔记\10\Debug\10.exe
       FinalizeBuildStatus:
         正在删除文件“Debug\10.unsuccessfulbuild”。
         正在对“Debug\10.lastbuildstate”执行 Touch 任务。
     1>已完成生成项目“D:\C++源\学习笔记\10\10\10.vcxproj”(build 个目标)的操作。

生成成功。

已用时间 00:00:00.30
